{"C:\\Users\\Hp\\OneDrive\\Pictures\\OneDrive\\Desktop\\project\\Multilingual-file-manager-application\\file-manager\\app.js": {"path":"C:\\Users\\Hp\\OneDrive\\Pictures\\OneDrive\\Desktop\\project\\Multilingual-file-manager-application\\file-manager\\app.js","statementMap":{"0":{"start":{"line":1,"column":0},"end":{"line":1,"column":27}},"1":{"start":{"line":2,"column":16},"end":{"line":2,"column":34}},"2":{"start":{"line":3,"column":13},"end":{"line":3,"column":28}},"3":{"start":{"line":4,"column":18},"end":{"line":4,"column":47}},"4":{"start":{"line":5,"column":20},"end":{"line":5,"column":51}},"5":{"start":{"line":6,"column":18},"end":{"line":6,"column":44}},"6":{"start":{"line":7,"column":19},"end":{"line":7,"column":53}},"7":{"start":{"line":8,"column":19},"end":{"line":8,"column":53}},"8":{"start":{"line":9,"column":35},"end":{"line":9,"column":70}},"9":{"start":{"line":11,"column":12},"end":{"line":11,"column":21}},"10":{"start":{"line":14,"column":0},"end":{"line":14,"column":12}},"11":{"start":{"line":17,"column":0},"end":{"line":21,"column":4}},"12":{"start":{"line":24,"column":0},"end":{"line":24,"column":24}},"13":{"start":{"line":27,"column":0},"end":{"line":34,"column":4}},"14":{"start":{"line":30,"column":6},"end":{"line":30,"column":55}},"15":{"start":{"line":31,"column":6},"end":{"line":31,"column":17}},"16":{"start":{"line":37,"column":0},"end":{"line":37,"column":34}},"17":{"start":{"line":38,"column":0},"end":{"line":38,"column":34}},"18":{"start":{"line":41,"column":0},"end":{"line":41,"column":18}},"19":{"start":{"line":42,"column":0},"end":{"line":42,"column":22}},"20":{"start":{"line":45,"column":0},"end":{"line":45,"column":21}}},"fnMap":{"0":{"name":"(anonymous_0)","decl":{"start":{"line":29,"column":24},"end":{"line":29,"column":25}},"loc":{"start":{"line":29,"column":33},"end":{"line":32,"column":5}},"line":29}},"branchMap":{},"s":{"0":1,"1":1,"2":1,"3":1,"4":1,"5":1,"6":1,"7":1,"8":1,"9":1,"10":1,"11":1,"12":1,"13":1,"14":0,"15":0,"16":1,"17":1,"18":1,"19":1,"20":1},"f":{"0":0},"b":{},"_coverageSchema":"1a1c01bbd47fc00a2c39e90264f33305004495a9","hash":"cd8af034553508858d9c8237cc30c1490c58baaa"}
,"C:\\Users\\Hp\\OneDrive\\Pictures\\OneDrive\\Desktop\\project\\Multilingual-file-manager-application\\file-manager\\src\\config\\db.js": {"path":"C:\\Users\\Hp\\OneDrive\\Pictures\\OneDrive\\Desktop\\project\\Multilingual-file-manager-application\\file-manager\\src\\config\\db.js","statementMap":{"0":{"start":{"line":1,"column":17},"end":{"line":1,"column":36}},"1":{"start":{"line":3,"column":18},"end":{"line":14,"column":1}},"2":{"start":{"line":4,"column":2},"end":{"line":13,"column":3}},"3":{"start":{"line":5,"column":17},"end":{"line":8,"column":6}},"4":{"start":{"line":9,"column":4},"end":{"line":9,"column":62}},"5":{"start":{"line":11,"column":4},"end":{"line":11,"column":45}},"6":{"start":{"line":12,"column":4},"end":{"line":12,"column":20}},"7":{"start":{"line":16,"column":0},"end":{"line":16,"column":27}}},"fnMap":{"0":{"name":"(anonymous_0)","decl":{"start":{"line":3,"column":18},"end":{"line":3,"column":19}},"loc":{"start":{"line":3,"column":30},"end":{"line":14,"column":1}},"line":3}},"branchMap":{},"s":{"0":1,"1":1,"2":1,"3":1,"4":1,"5":0,"6":0,"7":1},"f":{"0":1},"b":{},"_coverageSchema":"1a1c01bbd47fc00a2c39e90264f33305004495a9","hash":"11750b40b07a7716ac430d42c3e4545811d93a55"}
,"C:\\Users\\Hp\\OneDrive\\Pictures\\OneDrive\\Desktop\\project\\Multilingual-file-manager-application\\file-manager\\src\\config\\redis.js": {"path":"C:\\Users\\Hp\\OneDrive\\Pictures\\OneDrive\\Desktop\\project\\Multilingual-file-manager-application\\file-manager\\src\\config\\redis.js","statementMap":{"0":{"start":{"line":1,"column":14},"end":{"line":1,"column":29}},"1":{"start":{"line":4,"column":18},"end":{"line":9,"column":2}},"2":{"start":{"line":12,"column":0},"end":{"line":14,"column":3}},"3":{"start":{"line":13,"column":2},"end":{"line":13,"column":42}},"4":{"start":{"line":16,"column":0},"end":{"line":18,"column":3}},"5":{"start":{"line":17,"column":2},"end":{"line":17,"column":64}},"6":{"start":{"line":20,"column":0},"end":{"line":20,"column":31}}},"fnMap":{"0":{"name":"(anonymous_0)","decl":{"start":{"line":12,"column":26},"end":{"line":12,"column":27}},"loc":{"start":{"line":12,"column":35},"end":{"line":14,"column":1}},"line":12},"1":{"name":"(anonymous_1)","decl":{"start":{"line":16,"column":23},"end":{"line":16,"column":24}},"loc":{"start":{"line":16,"column":39},"end":{"line":18,"column":1}},"line":16}},"branchMap":{},"s":{"0":2,"1":2,"2":2,"3":0,"4":2,"5":0,"6":2},"f":{"0":0,"1":0},"b":{},"_coverageSchema":"1a1c01bbd47fc00a2c39e90264f33305004495a9","hash":"58cee939d1b4e732bc406789d00fa0d849da1597"}
,"C:\\Users\\Hp\\OneDrive\\Pictures\\OneDrive\\Desktop\\project\\Multilingual-file-manager-application\\file-manager\\src\\config\\swagger.js": {"path":"C:\\Users\\Hp\\OneDrive\\Pictures\\OneDrive\\Desktop\\project\\Multilingual-file-manager-application\\file-manager\\src\\config\\swagger.js","statementMap":{"0":{"start":{"line":1,"column":21},"end":{"line":1,"column":45}},"1":{"start":{"line":3,"column":23},"end":{"line":32,"column":1}},"2":{"start":{"line":34,"column":0},"end":{"line":34,"column":46}}},"fnMap":{},"branchMap":{},"s":{"0":1,"1":1,"2":1},"f":{},"b":{},"_coverageSchema":"1a1c01bbd47fc00a2c39e90264f33305004495a9","hash":"0e07cfbd2df1bbcab9408aaac041c76d0b3e334e"}
,"C:\\Users\\Hp\\OneDrive\\Pictures\\OneDrive\\Desktop\\project\\Multilingual-file-manager-application\\file-manager\\src\\controllers\\fileController.js": {"path":"C:\\Users\\Hp\\OneDrive\\Pictures\\OneDrive\\Desktop\\project\\Multilingual-file-manager-application\\file-manager\\src\\controllers\\fileController.js","statementMap":{"0":{"start":{"line":1,"column":13},"end":{"line":1,"column":38}},"1":{"start":{"line":2,"column":22},"end":{"line":2,"column":48}},"2":{"start":{"line":5,"column":19},"end":{"line":28,"column":1}},"3":{"start":{"line":6,"column":2},"end":{"line":27,"column":3}},"4":{"start":{"line":7,"column":4},"end":{"line":9,"column":5}},"5":{"start":{"line":8,"column":6},"end":{"line":8,"column":90}},"6":{"start":{"line":11,"column":21},"end":{"line":11,"column":24}},"7":{"start":{"line":12,"column":21},"end":{"line":17,"column":5}},"8":{"start":{"line":19,"column":25},"end":{"line":19,"column":52}},"9":{"start":{"line":22,"column":4},"end":{"line":22,"column":72}},"10":{"start":{"line":24,"column":4},"end":{"line":24,"column":39}},"11":{"start":{"line":26,"column":4},"end":{"line":26,"column":80}},"12":{"start":{"line":31,"column":17},"end":{"line":38,"column":1}},"13":{"start":{"line":32,"column":2},"end":{"line":37,"column":3}},"14":{"start":{"line":33,"column":18},"end":{"line":33,"column":56}},"15":{"start":{"line":34,"column":4},"end":{"line":34,"column":32}},"16":{"start":{"line":36,"column":4},"end":{"line":36,"column":83}},"17":{"start":{"line":41,"column":19},"end":{"line":54,"column":1}},"18":{"start":{"line":42,"column":2},"end":{"line":53,"column":3}},"19":{"start":{"line":43,"column":17},"end":{"line":43,"column":51}},"20":{"start":{"line":45,"column":4},"end":{"line":50,"column":5}},"21":{"start":{"line":46,"column":6},"end":{"line":46,"column":29}},"22":{"start":{"line":47,"column":6},"end":{"line":47,"column":69}},"23":{"start":{"line":49,"column":6},"end":{"line":49,"column":76}},"24":{"start":{"line":52,"column":4},"end":{"line":52,"column":83}},"25":{"start":{"line":57,"column":19},"end":{"line":77,"column":1}},"26":{"start":{"line":58,"column":2},"end":{"line":76,"column":3}},"27":{"start":{"line":59,"column":19},"end":{"line":59,"column":29}},"28":{"start":{"line":60,"column":33},"end":{"line":60,"column":41}},"29":{"start":{"line":62,"column":17},"end":{"line":62,"column":40}},"30":{"start":{"line":64,"column":4},"end":{"line":73,"column":5}},"31":{"start":{"line":65,"column":6},"end":{"line":65,"column":33}},"32":{"start":{"line":65,"column":16},"end":{"line":65,"column":33}},"33":{"start":{"line":69,"column":26},"end":{"line":69,"column":43}},"34":{"start":{"line":70,"column":6},"end":{"line":70,"column":40}},"35":{"start":{"line":72,"column":6},"end":{"line":72,"column":76}},"36":{"start":{"line":75,"column":4},"end":{"line":75,"column":83}},"37":{"start":{"line":79,"column":0},"end":{"line":79,"column":66}}},"fnMap":{"0":{"name":"(anonymous_0)","decl":{"start":{"line":5,"column":19},"end":{"line":5,"column":20}},"loc":{"start":{"line":5,"column":39},"end":{"line":28,"column":1}},"line":5},"1":{"name":"(anonymous_1)","decl":{"start":{"line":31,"column":17},"end":{"line":31,"column":18}},"loc":{"start":{"line":31,"column":37},"end":{"line":38,"column":1}},"line":31},"2":{"name":"(anonymous_2)","decl":{"start":{"line":41,"column":19},"end":{"line":41,"column":20}},"loc":{"start":{"line":41,"column":39},"end":{"line":54,"column":1}},"line":41},"3":{"name":"(anonymous_3)","decl":{"start":{"line":57,"column":19},"end":{"line":57,"column":20}},"loc":{"start":{"line":57,"column":39},"end":{"line":77,"column":1}},"line":57}},"branchMap":{"0":{"loc":{"start":{"line":7,"column":4},"end":{"line":9,"column":5}},"type":"if","locations":[{"start":{"line":7,"column":4},"end":{"line":9,"column":5}},{"start":{},"end":{}}],"line":7},"1":{"loc":{"start":{"line":45,"column":4},"end":{"line":50,"column":5}},"type":"if","locations":[{"start":{"line":45,"column":4},"end":{"line":50,"column":5}},{"start":{"line":48,"column":11},"end":{"line":50,"column":5}}],"line":45},"2":{"loc":{"start":{"line":45,"column":8},"end":{"line":45,"column":52}},"type":"binary-expr","locations":[{"start":{"line":45,"column":8},"end":{"line":45,"column":12}},{"start":{"line":45,"column":16},"end":{"line":45,"column":52}}],"line":45},"3":{"loc":{"start":{"line":64,"column":4},"end":{"line":73,"column":5}},"type":"if","locations":[{"start":{"line":64,"column":4},"end":{"line":73,"column":5}},{"start":{"line":71,"column":11},"end":{"line":73,"column":5}}],"line":64},"4":{"loc":{"start":{"line":64,"column":8},"end":{"line":64,"column":52}},"type":"binary-expr","locations":[{"start":{"line":64,"column":8},"end":{"line":64,"column":12}},{"start":{"line":64,"column":16},"end":{"line":64,"column":52}}],"line":64},"5":{"loc":{"start":{"line":65,"column":6},"end":{"line":65,"column":33}},"type":"if","locations":[{"start":{"line":65,"column":6},"end":{"line":65,"column":33}},{"start":{},"end":{}}],"line":65}},"s":{"0":1,"1":1,"2":1,"3":0,"4":0,"5":0,"6":0,"7":0,"8":0,"9":0,"10":0,"11":0,"12":1,"13":0,"14":0,"15":0,"16":0,"17":1,"18":0,"19":0,"20":0,"21":0,"22":0,"23":0,"24":0,"25":1,"26":0,"27":0,"28":0,"29":0,"30":0,"31":0,"32":0,"33":0,"34":0,"35":0,"36":0,"37":1},"f":{"0":0,"1":0,"2":0,"3":0},"b":{"0":[0,0],"1":[0,0],"2":[0,0],"3":[0,0],"4":[0,0],"5":[0,0]},"_coverageSchema":"1a1c01bbd47fc00a2c39e90264f33305004495a9","hash":"5d1471f6dc9d676296ec9469a829db771d57cbc4"}
,"C:\\Users\\Hp\\OneDrive\\Pictures\\OneDrive\\Desktop\\project\\Multilingual-file-manager-application\\file-manager\\src\\controllers\\userController.js": {"path":"C:\\Users\\Hp\\OneDrive\\Pictures\\OneDrive\\Desktop\\project\\Multilingual-file-manager-application\\file-manager\\src\\controllers\\userController.js","statementMap":{"0":{"start":{"line":1,"column":12},"end":{"line":1,"column":35}},"1":{"start":{"line":2,"column":54},"end":{"line":2,"column":77}},"2":{"start":{"line":3,"column":13},"end":{"line":3,"column":38}},"3":{"start":{"line":6,"column":22},"end":{"line":13,"column":1}},"4":{"start":{"line":7,"column":2},"end":{"line":9,"column":3}},"5":{"start":{"line":8,"column":4},"end":{"line":8,"column":84}},"6":{"start":{"line":10,"column":2},"end":{"line":12,"column":5}},"7":{"start":{"line":16,"column":19},"end":{"line":41,"column":1}},"8":{"start":{"line":17,"column":50},"end":{"line":17,"column":58}},"9":{"start":{"line":19,"column":2},"end":{"line":40,"column":3}},"10":{"start":{"line":20,"column":23},"end":{"line":20,"column":52}},"11":{"start":{"line":22,"column":4},"end":{"line":24,"column":5}},"12":{"start":{"line":23,"column":6},"end":{"line":23,"column":70}},"13":{"start":{"line":26,"column":17},"end":{"line":26,"column":75}},"14":{"start":{"line":27,"column":24},"end":{"line":27,"column":53}},"15":{"start":{"line":28,"column":25},"end":{"line":28,"column":55}},"16":{"start":{"line":30,"column":4},"end":{"line":37,"column":7}},"17":{"start":{"line":39,"column":4},"end":{"line":39,"column":83}},"18":{"start":{"line":44,"column":18},"end":{"line":78,"column":1}},"19":{"start":{"line":45,"column":30},"end":{"line":45,"column":38}},"20":{"start":{"line":47,"column":2},"end":{"line":77,"column":3}},"21":{"start":{"line":49,"column":17},"end":{"line":49,"column":46}},"22":{"start":{"line":50,"column":4},"end":{"line":52,"column":5}},"23":{"start":{"line":51,"column":6},"end":{"line":51,"column":76}},"24":{"start":{"line":55,"column":28},"end":{"line":55,"column":62}},"25":{"start":{"line":56,"column":4},"end":{"line":58,"column":5}},"26":{"start":{"line":57,"column":6},"end":{"line":57,"column":76}},"27":{"start":{"line":61,"column":18},"end":{"line":61,"column":41}},"28":{"start":{"line":62,"column":4},"end":{"line":68,"column":7}},"29":{"start":{"line":70,"column":4},"end":{"line":76,"column":5}},"30":{"start":{"line":71,"column":6},"end":{"line":71,"column":60}},"31":{"start":{"line":72,"column":6},"end":{"line":72,"column":100}},"32":{"start":{"line":74,"column":6},"end":{"line":74,"column":48}},"33":{"start":{"line":75,"column":6},"end":{"line":75,"column":79}},"34":{"start":{"line":81,"column":27},"end":{"line":96,"column":1}},"35":{"start":{"line":82,"column":27},"end":{"line":82,"column":35}},"36":{"start":{"line":84,"column":2},"end":{"line":86,"column":3}},"37":{"start":{"line":85,"column":4},"end":{"line":85,"column":74}},"38":{"start":{"line":88,"column":2},"end":{"line":95,"column":3}},"39":{"start":{"line":89,"column":20},"end":{"line":89,"column":75}},"40":{"start":{"line":90,"column":27},"end":{"line":90,"column":58}},"41":{"start":{"line":92,"column":4},"end":{"line":92,"column":58}},"42":{"start":{"line":94,"column":4},"end":{"line":94,"column":74}},"43":{"start":{"line":99,"column":17},"end":{"line":106,"column":1}},"44":{"start":{"line":100,"column":2},"end":{"line":105,"column":3}},"45":{"start":{"line":101,"column":18},"end":{"line":101,"column":55}},"46":{"start":{"line":102,"column":4},"end":{"line":102,"column":32}},"47":{"start":{"line":104,"column":4},"end":{"line":104,"column":83}},"48":{"start":{"line":109,"column":20},"end":{"line":121,"column":1}},"49":{"start":{"line":110,"column":2},"end":{"line":120,"column":3}},"50":{"start":{"line":111,"column":17},"end":{"line":111,"column":71}},"51":{"start":{"line":113,"column":4},"end":{"line":117,"column":5}},"52":{"start":{"line":114,"column":6},"end":{"line":114,"column":33}},"53":{"start":{"line":116,"column":6},"end":{"line":116,"column":58}},"54":{"start":{"line":119,"column":4},"end":{"line":119,"column":82}},"55":{"start":{"line":124,"column":19},"end":{"line":143,"column":1}},"56":{"start":{"line":125,"column":40},"end":{"line":125,"column":48}},"57":{"start":{"line":127,"column":2},"end":{"line":142,"column":3}},"58":{"start":{"line":128,"column":17},"end":{"line":128,"column":51}},"59":{"start":{"line":130,"column":4},"end":{"line":139,"column":5}},"60":{"start":{"line":131,"column":6},"end":{"line":131,"column":48}},"61":{"start":{"line":132,"column":6},"end":{"line":132,"column":39}},"62":{"start":{"line":133,"column":6},"end":{"line":133,"column":48}},"63":{"start":{"line":135,"column":26},"end":{"line":135,"column":43}},"64":{"start":{"line":136,"column":6},"end":{"line":136,"column":40}},"65":{"start":{"line":138,"column":6},"end":{"line":138,"column":58}},"66":{"start":{"line":141,"column":4},"end":{"line":141,"column":83}},"67":{"start":{"line":146,"column":19},"end":{"line":159,"column":1}},"68":{"start":{"line":147,"column":2},"end":{"line":158,"column":3}},"69":{"start":{"line":148,"column":17},"end":{"line":148,"column":51}},"70":{"start":{"line":150,"column":4},"end":{"line":155,"column":5}},"71":{"start":{"line":151,"column":6},"end":{"line":151,"column":29}},"72":{"start":{"line":152,"column":6},"end":{"line":152,"column":69}},"73":{"start":{"line":154,"column":6},"end":{"line":154,"column":58}},"74":{"start":{"line":157,"column":4},"end":{"line":157,"column":83}},"75":{"start":{"line":161,"column":0},"end":{"line":169,"column":2}}},"fnMap":{"0":{"name":"(anonymous_0)","decl":{"start":{"line":6,"column":22},"end":{"line":6,"column":23}},"loc":{"start":{"line":6,"column":30},"end":{"line":13,"column":1}},"line":6},"1":{"name":"(anonymous_1)","decl":{"start":{"line":16,"column":19},"end":{"line":16,"column":20}},"loc":{"start":{"line":16,"column":39},"end":{"line":41,"column":1}},"line":16},"2":{"name":"(anonymous_2)","decl":{"start":{"line":44,"column":18},"end":{"line":44,"column":19}},"loc":{"start":{"line":44,"column":38},"end":{"line":78,"column":1}},"line":44},"3":{"name":"(anonymous_3)","decl":{"start":{"line":81,"column":27},"end":{"line":81,"column":28}},"loc":{"start":{"line":81,"column":41},"end":{"line":96,"column":1}},"line":81},"4":{"name":"(anonymous_4)","decl":{"start":{"line":99,"column":17},"end":{"line":99,"column":18}},"loc":{"start":{"line":99,"column":37},"end":{"line":106,"column":1}},"line":99},"5":{"name":"(anonymous_5)","decl":{"start":{"line":109,"column":20},"end":{"line":109,"column":21}},"loc":{"start":{"line":109,"column":40},"end":{"line":121,"column":1}},"line":109},"6":{"name":"(anonymous_6)","decl":{"start":{"line":124,"column":19},"end":{"line":124,"column":20}},"loc":{"start":{"line":124,"column":39},"end":{"line":143,"column":1}},"line":124},"7":{"name":"(anonymous_7)","decl":{"start":{"line":146,"column":19},"end":{"line":146,"column":20}},"loc":{"start":{"line":146,"column":39},"end":{"line":159,"column":1}},"line":146}},"branchMap":{"0":{"loc":{"start":{"line":7,"column":2},"end":{"line":9,"column":3}},"type":"if","locations":[{"start":{"line":7,"column":2},"end":{"line":9,"column":3}},{"start":{},"end":{}}],"line":7},"1":{"loc":{"start":{"line":11,"column":15},"end":{"line":11,"column":49}},"type":"binary-expr","locations":[{"start":{"line":11,"column":15},"end":{"line":11,"column":41}},{"start":{"line":11,"column":45},"end":{"line":11,"column":49}}],"line":11},"2":{"loc":{"start":{"line":22,"column":4},"end":{"line":24,"column":5}},"type":"if","locations":[{"start":{"line":22,"column":4},"end":{"line":24,"column":5}},{"start":{},"end":{}}],"line":22},"3":{"loc":{"start":{"line":50,"column":4},"end":{"line":52,"column":5}},"type":"if","locations":[{"start":{"line":50,"column":4},"end":{"line":52,"column":5}},{"start":{},"end":{}}],"line":50},"4":{"loc":{"start":{"line":56,"column":4},"end":{"line":58,"column":5}},"type":"if","locations":[{"start":{"line":56,"column":4},"end":{"line":58,"column":5}},{"start":{},"end":{}}],"line":56},"5":{"loc":{"start":{"line":70,"column":4},"end":{"line":76,"column":5}},"type":"if","locations":[{"start":{"line":70,"column":4},"end":{"line":76,"column":5}},{"start":{"line":73,"column":11},"end":{"line":76,"column":5}}],"line":70},"6":{"loc":{"start":{"line":84,"column":2},"end":{"line":86,"column":3}},"type":"if","locations":[{"start":{"line":84,"column":2},"end":{"line":86,"column":3}},{"start":{},"end":{}}],"line":84},"7":{"loc":{"start":{"line":113,"column":4},"end":{"line":117,"column":5}},"type":"if","locations":[{"start":{"line":113,"column":4},"end":{"line":117,"column":5}},{"start":{"line":115,"column":11},"end":{"line":117,"column":5}}],"line":113},"8":{"loc":{"start":{"line":130,"column":4},"end":{"line":139,"column":5}},"type":"if","locations":[{"start":{"line":130,"column":4},"end":{"line":139,"column":5}},{"start":{"line":137,"column":11},"end":{"line":139,"column":5}}],"line":130},"9":{"loc":{"start":{"line":131,"column":22},"end":{"line":131,"column":47}},"type":"binary-expr","locations":[{"start":{"line":131,"column":22},"end":{"line":131,"column":30}},{"start":{"line":131,"column":34},"end":{"line":131,"column":47}}],"line":131},"10":{"loc":{"start":{"line":132,"column":19},"end":{"line":132,"column":38}},"type":"binary-expr","locations":[{"start":{"line":132,"column":19},"end":{"line":132,"column":24}},{"start":{"line":132,"column":28},"end":{"line":132,"column":38}}],"line":132},"11":{"loc":{"start":{"line":133,"column":22},"end":{"line":133,"column":47}},"type":"binary-expr","locations":[{"start":{"line":133,"column":22},"end":{"line":133,"column":30}},{"start":{"line":133,"column":34},"end":{"line":133,"column":47}}],"line":133},"12":{"loc":{"start":{"line":150,"column":4},"end":{"line":155,"column":5}},"type":"if","locations":[{"start":{"line":150,"column":4},"end":{"line":155,"column":5}},{"start":{"line":153,"column":11},"end":{"line":155,"column":5}}],"line":150}},"s":{"0":1,"1":1,"2":1,"3":1,"4":0,"5":0,"6":0,"7":1,"8":0,"9":0,"10":0,"11":0,"12":0,"13":0,"14":0,"15":0,"16":0,"17":0,"18":1,"19":0,"20":0,"21":0,"22":0,"23":0,"24":0,"25":0,"26":0,"27":0,"28":0,"29":0,"30":0,"31":0,"32":0,"33":0,"34":1,"35":0,"36":0,"37":0,"38":0,"39":0,"40":0,"41":0,"42":0,"43":1,"44":0,"45":0,"46":0,"47":0,"48":1,"49":0,"50":0,"51":0,"52":0,"53":0,"54":0,"55":1,"56":0,"57":0,"58":0,"59":0,"60":0,"61":0,"62":0,"63":0,"64":0,"65":0,"66":0,"67":1,"68":0,"69":0,"70":0,"71":0,"72":0,"73":0,"74":0,"75":1},"f":{"0":0,"1":0,"2":0,"3":0,"4":0,"5":0,"6":0,"7":0},"b":{"0":[0,0],"1":[0,0],"2":[0,0],"3":[0,0],"4":[0,0],"5":[0,0],"6":[0,0],"7":[0,0],"8":[0,0],"9":[0,0],"10":[0,0],"11":[0,0],"12":[0,0]},"_coverageSchema":"1a1c01bbd47fc00a2c39e90264f33305004495a9","hash":"79337fa5b6ea7fe6ff3acf1853053dc7dd2c78a4"}
,"C:\\Users\\Hp\\OneDrive\\Pictures\\OneDrive\\Desktop\\project\\Multilingual-file-manager-application\\file-manager\\src\\middlewares\\auth.js": {"path":"C:\\Users\\Hp\\OneDrive\\Pictures\\OneDrive\\Desktop\\project\\Multilingual-file-manager-application\\file-manager\\src\\middlewares\\auth.js","statementMap":{"0":{"start":{"line":2,"column":12},"end":{"line":2,"column":35}},"1":{"start":{"line":3,"column":13},"end":{"line":3,"column":38}},"2":{"start":{"line":6,"column":16},"end":{"line":34,"column":1}},"3":{"start":{"line":8,"column":16},"end":{"line":8,"column":56}},"4":{"start":{"line":11,"column":2},"end":{"line":13,"column":3}},"5":{"start":{"line":12,"column":4},"end":{"line":12,"column":73}},"6":{"start":{"line":15,"column":2},"end":{"line":33,"column":3}},"7":{"start":{"line":17,"column":20},"end":{"line":17,"column":67}},"8":{"start":{"line":20,"column":17},"end":{"line":20,"column":68}},"9":{"start":{"line":23,"column":4},"end":{"line":25,"column":5}},"10":{"start":{"line":24,"column":6},"end":{"line":24,"column":65}},"11":{"start":{"line":28,"column":4},"end":{"line":28,"column":20}},"12":{"start":{"line":29,"column":4},"end":{"line":29,"column":11}},"13":{"start":{"line":31,"column":4},"end":{"line":31,"column":23}},"14":{"start":{"line":32,"column":4},"end":{"line":32,"column":71}},"15":{"start":{"line":36,"column":0},"end":{"line":36,"column":29}}},"fnMap":{"0":{"name":"(anonymous_0)","decl":{"start":{"line":6,"column":16},"end":{"line":6,"column":17}},"loc":{"start":{"line":6,"column":42},"end":{"line":34,"column":1}},"line":6}},"branchMap":{"0":{"loc":{"start":{"line":11,"column":2},"end":{"line":13,"column":3}},"type":"if","locations":[{"start":{"line":11,"column":2},"end":{"line":13,"column":3}},{"start":{},"end":{}}],"line":11},"1":{"loc":{"start":{"line":23,"column":4},"end":{"line":25,"column":5}},"type":"if","locations":[{"start":{"line":23,"column":4},"end":{"line":25,"column":5}},{"start":{},"end":{}}],"line":23}},"s":{"0":1,"1":1,"2":1,"3":0,"4":0,"5":0,"6":0,"7":0,"8":0,"9":0,"10":0,"11":0,"12":0,"13":0,"14":0,"15":1},"f":{"0":0},"b":{"0":[0,0],"1":[0,0]},"_coverageSchema":"1a1c01bbd47fc00a2c39e90264f33305004495a9","hash":"51a16eff5702ff0ee02826ffa6d3170a9d97520b"}
,"C:\\Users\\Hp\\OneDrive\\Pictures\\OneDrive\\Desktop\\project\\Multilingual-file-manager-application\\file-manager\\src\\middlewares\\authMiddleware.js": {"path":"C:\\Users\\Hp\\OneDrive\\Pictures\\OneDrive\\Desktop\\project\\Multilingual-file-manager-application\\file-manager\\src\\middlewares\\authMiddleware.js","statementMap":{"0":{"start":{"line":1,"column":12},"end":{"line":1,"column":35}},"1":{"start":{"line":2,"column":13},"end":{"line":2,"column":38}},"2":{"start":{"line":4,"column":16},"end":{"line":32,"column":1}},"3":{"start":{"line":6,"column":16},"end":{"line":6,"column":56}},"4":{"start":{"line":9,"column":2},"end":{"line":11,"column":3}},"5":{"start":{"line":10,"column":4},"end":{"line":10,"column":73}},"6":{"start":{"line":13,"column":2},"end":{"line":31,"column":3}},"7":{"start":{"line":15,"column":20},"end":{"line":15,"column":67}},"8":{"start":{"line":18,"column":17},"end":{"line":18,"column":68}},"9":{"start":{"line":21,"column":4},"end":{"line":23,"column":5}},"10":{"start":{"line":22,"column":6},"end":{"line":22,"column":65}},"11":{"start":{"line":26,"column":4},"end":{"line":26,"column":20}},"12":{"start":{"line":27,"column":4},"end":{"line":27,"column":11}},"13":{"start":{"line":29,"column":4},"end":{"line":29,"column":23}},"14":{"start":{"line":30,"column":4},"end":{"line":30,"column":71}},"15":{"start":{"line":34,"column":0},"end":{"line":34,"column":29}}},"fnMap":{"0":{"name":"(anonymous_0)","decl":{"start":{"line":4,"column":16},"end":{"line":4,"column":17}},"loc":{"start":{"line":4,"column":42},"end":{"line":32,"column":1}},"line":4}},"branchMap":{"0":{"loc":{"start":{"line":9,"column":2},"end":{"line":11,"column":3}},"type":"if","locations":[{"start":{"line":9,"column":2},"end":{"line":11,"column":3}},{"start":{},"end":{}}],"line":9},"1":{"loc":{"start":{"line":21,"column":4},"end":{"line":23,"column":5}},"type":"if","locations":[{"start":{"line":21,"column":4},"end":{"line":23,"column":5}},{"start":{},"end":{}}],"line":21}},"s":{"0":1,"1":1,"2":1,"3":0,"4":0,"5":0,"6":0,"7":0,"8":0,"9":0,"10":0,"11":0,"12":0,"13":0,"14":0,"15":1},"f":{"0":0},"b":{"0":[0,0],"1":[0,0]},"_coverageSchema":"1a1c01bbd47fc00a2c39e90264f33305004495a9","hash":"2f19b7ce315dca99d6b805f4c8c57af8a372f1bd"}
,"C:\\Users\\Hp\\OneDrive\\Pictures\\OneDrive\\Desktop\\project\\Multilingual-file-manager-application\\file-manager\\src\\models\\File.js": {"path":"C:\\Users\\Hp\\OneDrive\\Pictures\\OneDrive\\Desktop\\project\\Multilingual-file-manager-application\\file-manager\\src\\models\\File.js","statementMap":{"0":{"start":{"line":1,"column":17},"end":{"line":1,"column":36}},"1":{"start":{"line":3,"column":19},"end":{"line":10,"column":2}},"2":{"start":{"line":12,"column":0},"end":{"line":12,"column":52}}},"fnMap":{},"branchMap":{},"s":{"0":1,"1":1,"2":1},"f":{},"b":{},"_coverageSchema":"1a1c01bbd47fc00a2c39e90264f33305004495a9","hash":"b6dc204533362fc72fad0413968ad7a9d737b3ed"}
,"C:\\Users\\Hp\\OneDrive\\Pictures\\OneDrive\\Desktop\\project\\Multilingual-file-manager-application\\file-manager\\src\\models\\User.js": {"path":"C:\\Users\\Hp\\OneDrive\\Pictures\\OneDrive\\Desktop\\project\\Multilingual-file-manager-application\\file-manager\\src\\models\\User.js","statementMap":{"0":{"start":{"line":1,"column":17},"end":{"line":1,"column":36}},"1":{"start":{"line":2,"column":15},"end":{"line":2,"column":32}},"2":{"start":{"line":4,"column":19},"end":{"line":9,"column":2}},"3":{"start":{"line":12,"column":0},"end":{"line":24,"column":3}},"4":{"start":{"line":13,"column":2},"end":{"line":13,"column":50}},"5":{"start":{"line":13,"column":36},"end":{"line":13,"column":50}},"6":{"start":{"line":15,"column":2},"end":{"line":23,"column":3}},"7":{"start":{"line":16,"column":17},"end":{"line":16,"column":41}},"8":{"start":{"line":17,"column":4},"end":{"line":17,"column":59}},"9":{"start":{"line":18,"column":4},"end":{"line":18,"column":48}},"10":{"start":{"line":19,"column":4},"end":{"line":19,"column":11}},"11":{"start":{"line":21,"column":4},"end":{"line":21,"column":50}},"12":{"start":{"line":22,"column":4},"end":{"line":22,"column":14}},"13":{"start":{"line":27,"column":0},"end":{"line":38,"column":2}},"14":{"start":{"line":28,"column":2},"end":{"line":37,"column":3}},"15":{"start":{"line":29,"column":20},"end":{"line":29,"column":72}},"16":{"start":{"line":30,"column":4},"end":{"line":32,"column":5}},"17":{"start":{"line":31,"column":6},"end":{"line":31,"column":49}},"18":{"start":{"line":33,"column":4},"end":{"line":33,"column":19}},"19":{"start":{"line":35,"column":4},"end":{"line":35,"column":60}},"20":{"start":{"line":36,"column":4},"end":{"line":36,"column":14}},"21":{"start":{"line":41,"column":0},"end":{"line":41,"column":52}}},"fnMap":{"0":{"name":"(anonymous_0)","decl":{"start":{"line":12,"column":23},"end":{"line":12,"column":24}},"loc":{"start":{"line":12,"column":45},"end":{"line":24,"column":1}},"line":12},"1":{"name":"(anonymous_1)","decl":{"start":{"line":27,"column":35},"end":{"line":27,"column":36}},"loc":{"start":{"line":27,"column":68},"end":{"line":38,"column":1}},"line":27}},"branchMap":{"0":{"loc":{"start":{"line":13,"column":2},"end":{"line":13,"column":50}},"type":"if","locations":[{"start":{"line":13,"column":2},"end":{"line":13,"column":50}},{"start":{},"end":{}}],"line":13},"1":{"loc":{"start":{"line":30,"column":4},"end":{"line":32,"column":5}},"type":"if","locations":[{"start":{"line":30,"column":4},"end":{"line":32,"column":5}},{"start":{},"end":{}}],"line":30}},"s":{"0":1,"1":1,"2":1,"3":1,"4":1,"5":0,"6":1,"7":1,"8":1,"9":1,"10":1,"11":0,"12":0,"13":1,"14":0,"15":0,"16":0,"17":0,"18":0,"19":0,"20":0,"21":1},"f":{"0":1,"1":0},"b":{"0":[0,1],"1":[0,0]},"_coverageSchema":"1a1c01bbd47fc00a2c39e90264f33305004495a9","hash":"10f32a0259543bea26cf4b6e8a7dacbdd8ec966b"}
,"C:\\Users\\Hp\\OneDrive\\Pictures\\OneDrive\\Desktop\\project\\Multilingual-file-manager-application\\file-manager\\src\\routes\\fileRoutes.js": {"path":"C:\\Users\\Hp\\OneDrive\\Pictures\\OneDrive\\Desktop\\project\\Multilingual-file-manager-application\\file-manager\\src\\routes\\fileRoutes.js","statementMap":{"0":{"start":{"line":1,"column":16},"end":{"line":1,"column":34}},"1":{"start":{"line":2,"column":15},"end":{"line":2,"column":31}},"2":{"start":{"line":3,"column":15},"end":{"line":3,"column":32}},"3":{"start":{"line":4,"column":20},"end":{"line":4,"column":50}},"4":{"start":{"line":5,"column":57},"end":{"line":5,"column":97}},"5":{"start":{"line":8,"column":15},"end":{"line":8,"column":43}},"6":{"start":{"line":44,"column":0},"end":{"line":44,"column":67}},"7":{"start":{"line":60,"column":0},"end":{"line":60,"column":35}},"8":{"start":{"line":84,"column":0},"end":{"line":84,"column":43}},"9":{"start":{"line":117,"column":0},"end":{"line":117,"column":40}},"10":{"start":{"line":119,"column":0},"end":{"line":119,"column":24}}},"fnMap":{},"branchMap":{},"s":{"0":1,"1":1,"2":1,"3":1,"4":1,"5":1,"6":1,"7":1,"8":1,"9":1,"10":1},"f":{},"b":{},"_coverageSchema":"1a1c01bbd47fc00a2c39e90264f33305004495a9","hash":"dc84dba1993c4b88b816eeace7e2fe927e33082e"}
,"C:\\Users\\Hp\\OneDrive\\Pictures\\OneDrive\\Desktop\\project\\Multilingual-file-manager-application\\file-manager\\src\\routes\\userRoutes.js": {"path":"C:\\Users\\Hp\\OneDrive\\Pictures\\OneDrive\\Desktop\\project\\Multilingual-file-manager-application\\file-manager\\src\\routes\\userRoutes.js","statementMap":{"0":{"start":{"line":1,"column":16},"end":{"line":1,"column":34}},"1":{"start":{"line":10,"column":4},"end":{"line":10,"column":44}},"2":{"start":{"line":11,"column":20},"end":{"line":11,"column":60}},"3":{"start":{"line":13,"column":15},"end":{"line":13,"column":31}},"4":{"start":{"line":98,"column":0},"end":{"line":98,"column":29}},"5":{"start":{"line":151,"column":0},"end":{"line":151,"column":33}},"6":{"start":{"line":178,"column":0},"end":{"line":178,"column":35}},"7":{"start":{"line":216,"column":0},"end":{"line":216,"column":41}},"8":{"start":{"line":260,"column":0},"end":{"line":260,"column":40}},"9":{"start":{"line":298,"column":0},"end":{"line":298,"column":43}},"10":{"start":{"line":337,"column":0},"end":{"line":337,"column":50}},"11":{"start":{"line":339,"column":0},"end":{"line":339,"column":24}}},"fnMap":{},"branchMap":{},"s":{"0":1,"1":1,"2":1,"3":1,"4":1,"5":1,"6":1,"7":1,"8":1,"9":1,"10":1,"11":1},"f":{},"b":{},"_coverageSchema":"1a1c01bbd47fc00a2c39e90264f33305004495a9","hash":"588d72a4e4dfe769776c4215fba28d2963917f7c"}
,"C:\\Users\\Hp\\OneDrive\\Pictures\\OneDrive\\Desktop\\project\\Multilingual-file-manager-application\\file-manager\\src\\utils\\errorHandler.js": {"path":"C:\\Users\\Hp\\OneDrive\\Pictures\\OneDrive\\Desktop\\project\\Multilingual-file-manager-application\\file-manager\\src\\utils\\errorHandler.js","statementMap":{"0":{"start":{"line":2,"column":17},"end":{"line":6,"column":1}},"1":{"start":{"line":3,"column":16},"end":{"line":3,"column":84}},"2":{"start":{"line":4,"column":2},"end":{"line":4,"column":18}},"3":{"start":{"line":5,"column":2},"end":{"line":5,"column":14}},"4":{"start":{"line":9,"column":21},"end":{"line":17,"column":1}},"5":{"start":{"line":10,"column":21},"end":{"line":10,"column":84}},"6":{"start":{"line":11,"column":2},"end":{"line":11,"column":25}},"7":{"start":{"line":12,"column":2},"end":{"line":16,"column":5}},"8":{"start":{"line":19,"column":0},"end":{"line":19,"column":44}}},"fnMap":{"0":{"name":"(anonymous_0)","decl":{"start":{"line":2,"column":17},"end":{"line":2,"column":18}},"loc":{"start":{"line":2,"column":37},"end":{"line":6,"column":1}},"line":2},"1":{"name":"(anonymous_1)","decl":{"start":{"line":9,"column":21},"end":{"line":9,"column":22}},"loc":{"start":{"line":9,"column":46},"end":{"line":17,"column":1}},"line":9}},"branchMap":{"0":{"loc":{"start":{"line":10,"column":21},"end":{"line":10,"column":84}},"type":"cond-expr","locations":[{"start":{"line":10,"column":64},"end":{"line":10,"column":78}},{"start":{"line":10,"column":81},"end":{"line":10,"column":84}}],"line":10},"1":{"loc":{"start":{"line":10,"column":21},"end":{"line":10,"column":61}},"type":"binary-expr","locations":[{"start":{"line":10,"column":21},"end":{"line":10,"column":35}},{"start":{"line":10,"column":39},"end":{"line":10,"column":61}}],"line":10},"2":{"loc":{"start":{"line":15,"column":11},"end":{"line":15,"column":72}},"type":"cond-expr","locations":[{"start":{"line":15,"column":51},"end":{"line":15,"column":60}},{"start":{"line":15,"column":63},"end":{"line":15,"column":72}}],"line":15}},"s":{"0":1,"1":0,"2":0,"3":0,"4":1,"5":0,"6":0,"7":0,"8":1},"f":{"0":0,"1":0},"b":{"0":[0,0],"1":[0,0],"2":[0,0]},"_coverageSchema":"1a1c01bbd47fc00a2c39e90264f33305004495a9","hash":"b97df58fd5d35bea34ca0d69a440de0083c0c886"}
,"C:\\Users\\Hp\\OneDrive\\Pictures\\OneDrive\\Desktop\\project\\Multilingual-file-manager-application\\file-manager\\src\\utils\\jwt.js": {"path":"C:\\Users\\Hp\\OneDrive\\Pictures\\OneDrive\\Desktop\\project\\Multilingual-file-manager-application\\file-manager\\src\\utils\\jwt.js","statementMap":{"0":{"start":{"line":1,"column":12},"end":{"line":1,"column":35}},"1":{"start":{"line":3,"column":28},"end":{"line":7,"column":1}},"2":{"start":{"line":4,"column":2},"end":{"line":6,"column":5}},"3":{"start":{"line":9,"column":29},"end":{"line":13,"column":1}},"4":{"start":{"line":10,"column":2},"end":{"line":12,"column":5}},"5":{"start":{"line":15,"column":0},"end":{"line":18,"column":2}}},"fnMap":{"0":{"name":"(anonymous_0)","decl":{"start":{"line":3,"column":28},"end":{"line":3,"column":29}},"loc":{"start":{"line":3,"column":36},"end":{"line":7,"column":1}},"line":3},"1":{"name":"(anonymous_1)","decl":{"start":{"line":9,"column":29},"end":{"line":9,"column":30}},"loc":{"start":{"line":9,"column":37},"end":{"line":13,"column":1}},"line":9}},"branchMap":{"0":{"loc":{"start":{"line":5,"column":15},"end":{"line":5,"column":49}},"type":"binary-expr","locations":[{"start":{"line":5,"column":15},"end":{"line":5,"column":41}},{"start":{"line":5,"column":45},"end":{"line":5,"column":49}}],"line":5},"1":{"loc":{"start":{"line":11,"column":15},"end":{"line":11,"column":57}},"type":"binary-expr","locations":[{"start":{"line":11,"column":15},"end":{"line":11,"column":49}},{"start":{"line":11,"column":53},"end":{"line":11,"column":57}}],"line":11}},"s":{"0":1,"1":1,"2":0,"3":1,"4":0,"5":1},"f":{"0":0,"1":0},"b":{"0":[0,0],"1":[0,0]},"_coverageSchema":"1a1c01bbd47fc00a2c39e90264f33305004495a9","hash":"5ae6057eb0517cc14d035d06bbb33fcece07cb38"}
}
