TN:
SF:app.js
FN:29,(anonymous_0)
FNF:1
FNH:0
FNDA:0,(anonymous_0)
DA:1,1
DA:2,1
DA:3,1
DA:4,1
DA:5,1
DA:6,1
DA:7,1
DA:8,1
DA:9,1
DA:11,1
DA:14,1
DA:17,1
DA:24,1
DA:27,1
DA:30,0
DA:31,0
DA:37,1
DA:38,1
DA:41,1
DA:42,1
DA:45,1
LF:21
LH:19
BRF:0
BRH:0
end_of_record
TN:
SF:src\config\db.js
FN:3,(anonymous_0)
FNF:1
FNH:1
FNDA:1,(anonymous_0)
DA:1,1
DA:3,1
DA:4,1
DA:5,1
DA:9,1
DA:11,0
DA:12,0
DA:16,1
LF:8
LH:6
BRF:0
BRH:0
end_of_record
TN:
SF:src\config\redis.js
FN:12,(anonymous_0)
FN:16,(anonymous_1)
FNF:2
FNH:0
FNDA:0,(anonymous_0)
FNDA:0,(anonymous_1)
DA:1,2
DA:4,2
DA:12,2
DA:13,0
DA:16,2
DA:17,0
DA:20,2
LF:7
LH:5
BRF:0
BRH:0
end_of_record
TN:
SF:src\config\swagger.js
FNF:0
FNH:0
DA:1,1
DA:3,1
DA:34,1
LF:3
LH:3
BRF:0
BRH:0
end_of_record
TN:
SF:src\controllers\fileController.js
FN:5,(anonymous_0)
FN:31,(anonymous_1)
FN:41,(anonymous_2)
FN:57,(anonymous_3)
FNF:4
FNH:0
FNDA:0,(anonymous_0)
FNDA:0,(anonymous_1)
FNDA:0,(anonymous_2)
FNDA:0,(anonymous_3)
DA:1,1
DA:2,1
DA:5,1
DA:6,0
DA:7,0
DA:8,0
DA:11,0
DA:12,0
DA:19,0
DA:22,0
DA:24,0
DA:26,0
DA:31,1
DA:32,0
DA:33,0
DA:34,0
DA:36,0
DA:41,1
DA:42,0
DA:43,0
DA:45,0
DA:46,0
DA:47,0
DA:49,0
DA:52,0
DA:57,1
DA:58,0
DA:59,0
DA:60,0
DA:62,0
DA:64,0
DA:65,0
DA:69,0
DA:70,0
DA:72,0
DA:75,0
DA:79,1
LF:37
LH:7
BRDA:7,0,0,0
BRDA:7,0,1,0
BRDA:45,1,0,0
BRDA:45,1,1,0
BRDA:45,2,0,0
BRDA:45,2,1,0
BRDA:64,3,0,0
BRDA:64,3,1,0
BRDA:64,4,0,0
BRDA:64,4,1,0
BRDA:65,5,0,0
BRDA:65,5,1,0
BRF:12
BRH:0
end_of_record
TN:
SF:src\controllers\userController.js
FN:6,(anonymous_0)
FN:16,(anonymous_1)
FN:44,(anonymous_2)
FN:81,(anonymous_3)
FN:99,(anonymous_4)
FN:109,(anonymous_5)
FN:124,(anonymous_6)
FN:146,(anonymous_7)
FNF:8
FNH:0
FNDA:0,(anonymous_0)
FNDA:0,(anonymous_1)
FNDA:0,(anonymous_2)
FNDA:0,(anonymous_3)
FNDA:0,(anonymous_4)
FNDA:0,(anonymous_5)
FNDA:0,(anonymous_6)
FNDA:0,(anonymous_7)
DA:1,1
DA:2,1
DA:3,1
DA:6,1
DA:7,0
DA:8,0
DA:10,0
DA:16,1
DA:17,0
DA:19,0
DA:20,0
DA:22,0
DA:23,0
DA:26,0
DA:27,0
DA:28,0
DA:30,0
DA:39,0
DA:44,1
DA:45,0
DA:47,0
DA:49,0
DA:50,0
DA:51,0
DA:55,0
DA:56,0
DA:57,0
DA:61,0
DA:62,0
DA:70,0
DA:71,0
DA:72,0
DA:74,0
DA:75,0
DA:81,1
DA:82,0
DA:84,0
DA:85,0
DA:88,0
DA:89,0
DA:90,0
DA:92,0
DA:94,0
DA:99,1
DA:100,0
DA:101,0
DA:102,0
DA:104,0
DA:109,1
DA:110,0
DA:111,0
DA:113,0
DA:114,0
DA:116,0
DA:119,0
DA:124,1
DA:125,0
DA:127,0
DA:128,0
DA:130,0
DA:131,0
DA:132,0
DA:133,0
DA:135,0
DA:136,0
DA:138,0
DA:141,0
DA:146,1
DA:147,0
DA:148,0
DA:150,0
DA:151,0
DA:152,0
DA:154,0
DA:157,0
DA:161,1
LF:76
LH:12
BRDA:7,0,0,0
BRDA:7,0,1,0
BRDA:11,1,0,0
BRDA:11,1,1,0
BRDA:22,2,0,0
BRDA:22,2,1,0
BRDA:50,3,0,0
BRDA:50,3,1,0
BRDA:56,4,0,0
BRDA:56,4,1,0
BRDA:70,5,0,0
BRDA:70,5,1,0
BRDA:84,6,0,0
BRDA:84,6,1,0
BRDA:113,7,0,0
BRDA:113,7,1,0
BRDA:130,8,0,0
BRDA:130,8,1,0
BRDA:131,9,0,0
BRDA:131,9,1,0
BRDA:132,10,0,0
BRDA:132,10,1,0
BRDA:133,11,0,0
BRDA:133,11,1,0
BRDA:150,12,0,0
BRDA:150,12,1,0
BRF:26
BRH:0
end_of_record
TN:
SF:src\middlewares\auth.js
FN:6,(anonymous_0)
FNF:1
FNH:0
FNDA:0,(anonymous_0)
DA:2,1
DA:3,1
DA:6,1
DA:8,0
DA:11,0
DA:12,0
DA:15,0
DA:17,0
DA:20,0
DA:23,0
DA:24,0
DA:28,0
DA:29,0
DA:31,0
DA:32,0
DA:36,1
LF:16
LH:4
BRDA:11,0,0,0
BRDA:11,0,1,0
BRDA:23,1,0,0
BRDA:23,1,1,0
BRF:4
BRH:0
end_of_record
TN:
SF:src\middlewares\authMiddleware.js
FN:4,(anonymous_0)
FNF:1
FNH:0
FNDA:0,(anonymous_0)
DA:1,1
DA:2,1
DA:4,1
DA:6,0
DA:9,0
DA:10,0
DA:13,0
DA:15,0
DA:18,0
DA:21,0
DA:22,0
DA:26,0
DA:27,0
DA:29,0
DA:30,0
DA:34,1
LF:16
LH:4
BRDA:9,0,0,0
BRDA:9,0,1,0
BRDA:21,1,0,0
BRDA:21,1,1,0
BRF:4
BRH:0
end_of_record
TN:
SF:src\models\File.js
FNF:0
FNH:0
DA:1,1
DA:3,1
DA:12,1
LF:3
LH:3
BRF:0
BRH:0
end_of_record
TN:
SF:src\models\User.js
FN:12,(anonymous_0)
FN:27,(anonymous_1)
FNF:2
FNH:1
FNDA:1,(anonymous_0)
FNDA:0,(anonymous_1)
DA:1,1
DA:2,1
DA:4,1
DA:12,1
DA:13,1
DA:15,1
DA:16,1
DA:17,1
DA:18,1
DA:19,1
DA:21,0
DA:22,0
DA:27,1
DA:28,0
DA:29,0
DA:30,0
DA:31,0
DA:33,0
DA:35,0
DA:36,0
DA:41,1
LF:21
LH:12
BRDA:13,0,0,0
BRDA:13,0,1,1
BRDA:30,1,0,0
BRDA:30,1,1,0
BRF:4
BRH:1
end_of_record
TN:
SF:src\routes\fileRoutes.js
FNF:0
FNH:0
DA:1,1
DA:2,1
DA:3,1
DA:4,1
DA:5,1
DA:8,1
DA:44,1
DA:60,1
DA:84,1
DA:117,1
DA:119,1
LF:11
LH:11
BRF:0
BRH:0
end_of_record
TN:
SF:src\routes\userRoutes.js
FNF:0
FNH:0
DA:1,1
DA:10,1
DA:11,1
DA:13,1
DA:98,1
DA:151,1
DA:178,1
DA:216,1
DA:260,1
DA:298,1
DA:337,1
DA:339,1
LF:12
LH:12
BRF:0
BRH:0
end_of_record
TN:
SF:src\utils\errorHandler.js
FN:2,(anonymous_0)
FN:9,(anonymous_1)
FNF:2
FNH:0
FNDA:0,(anonymous_0)
FNDA:0,(anonymous_1)
DA:2,1
DA:3,0
DA:4,0
DA:5,0
DA:9,1
DA:10,0
DA:11,0
DA:12,0
DA:19,1
LF:9
LH:3
BRDA:10,0,0,0
BRDA:10,0,1,0
BRDA:10,1,0,0
BRDA:10,1,1,0
BRDA:15,2,0,0
BRDA:15,2,1,0
BRF:6
BRH:0
end_of_record
TN:
SF:src\utils\jwt.js
FN:3,(anonymous_0)
FN:9,(anonymous_1)
FNF:2
FNH:0
FNDA:0,(anonymous_0)
FNDA:0,(anonymous_1)
DA:1,1
DA:3,1
DA:4,0
DA:9,1
DA:10,0
DA:15,1
LF:6
LH:4
BRDA:5,0,0,0
BRDA:5,0,1,0
BRDA:11,1,0,0
BRDA:11,1,1,0
BRF:4
BRH:0
end_of_record
